Project State Analysis Log
Generated: 2025-01-19 15:03:00 EAT

1. Project Structure
-------------------
Root Directory: Kings-Embassy
├── LICENSE
├── README.md
├── index.html          # Main entry point
├── audio/             # Directory for audio assets
├── css/
│   └── style.css      # Custom styles (currently empty)
├── doc/               # Documentation directory
├── html/
│   └── contact.html   # Contact page
│   └── about.html     # About Us page
│   └── testimonies.html # Testimonies page
│   └── first-timers.html # First Timers page
│   └── new-converts.html # New Converts page
│   └── prayer-request.html # Prayer Request page
├── image/
│   └── favicon.ico    # Site favicon
├── js/
│   └── script.js      # Custom scripts (currently empty)
└── video/             # Directory for video assets

2. Framework Implementation
--------------------------
- Bootstrap 5.3.3 (via CDN) [UPDATED]
- Bootstrap Icons 1.11.3 (via CDN)
- Bootstrap Bundle JS 5.3.3 (via CDN) [UPDATED]
- Tailwind CSS (via CDN) [NEW]
  - Configured with `important: true` to handle Bootstrap conflicts

3. Default Files
---------------
a) CSS (style.css)
   - Location: /css/style.css
   - Purpose: Central file for all custom styles
   - Structure:
     * Custom Variables
     * Global Styles
     * Layout Components
     * UI Components
     * Utility Classes
     * Media Queries (Tablet & Desktop)

b) JavaScript (script.js)
   - Location: /js/script.js
   - Purpose: Central file for all custom JavaScript functionality
   - Structure:
     * DOMContentLoaded handler
     * App Initialization
     * Event Listeners
     * Utility Functions
     * UI Handlers
     * API Handlers

4. Current State Analysis
------------------------
a) HTML Structure
   - Seven pages implemented: index.html, contact.html, about.html, testimonies.html, first-timers.html, new-converts.html, prayer-request.html
   - All pages have proper HTML5 structure
   - Viewport meta tags properly configured for responsive design
   - Multiple CSS frameworks integrated (Bootstrap + Tailwind)
   - Custom resources properly linked

b) Asset Organization
   - Well-structured directory organization for different asset types
   - Dedicated directories for multimedia content (audio/, video/)
   - Proper separation of concerns (css/, js/, html/)

c) Development State
   - Project is in initial setup phase
   - Multiple CSS frameworks implemented (Bootstrap + Tailwind)
   - Custom style.css and script.js files created but empty
   - Basic documentation structure in place

5. Areas Requiring Attention
---------------------------
1. Content Development
   - Main content structure needed for index.html
   - Contact page content needs to be developed
   - README.md requires project description and setup instructions

2. Styling
   - Framework Usage Strategy Needed:
     * Clear guidelines for when to use Bootstrap vs Tailwind
     * Potential style conflicts need to be managed
   - Custom styles needed in style.css
   - Framework customization/theming not yet implemented

3. Functionality
   - JavaScript functionality not yet implemented
   - Interactive features needed

6. Recommendations
-----------------
1. Immediate Actions:
   - Define clear CSS framework usage guidelines
   - Develop main content structure
   - Implement custom styling
   - Add basic JavaScript functionality
   - Complete README.md documentation

2. Future Considerations:
   - Consider using only one CSS framework to avoid conflicts
   - Implement responsive design patterns
   - Add meta tags for SEO
   - Implement form validation for contact page
   - Add loading optimization for media assets
   - Monitor CSS bundle size due to multiple frameworks

Change Log:
-----------
2025-01-19 15:40:10 - Created Prayer Request page and enhanced JavaScript
  * Implemented responsive Prayer Request page with hero section
  * Added Prayer Times section with service information
  * Created Prayer Request form with validation
  * Added Prayer Resources section with downloadable content
  * Enhanced script.js with form handling and validation
  * Added Prayer Wall for community prayer requests
2025-01-19 15:40:10 - Created New Converts page and enhanced JavaScript
  * Implemented responsive New Converts page with welcome section
  * Added Quick Start Guide with next steps
  * Created Free Resources section with downloadable content
  * Added Discipleship Program registration form
  * Enhanced script.js with form handling and validation
  * Added Connect and Serve sections
2025-01-19 15:35:45 - Created First Timers page and enhanced JavaScript
  * Implemented responsive First Timers page with welcome section
  * Added "What to Expect" section with key information
  * Created visit planning form with validation
  * Added FAQ section with common questions
  * Enhanced script.js with form handling and date validation
2025-01-19 15:31:05 - Created Testimonies page and enhanced JavaScript functionality
  * Implemented responsive Testimonies page with featured testimonies
  * Added testimony submission form with validation
  * Created category filtering system
  * Added form validation and alert system
  * Enhanced script.js with form handling and UI utilities
2025-01-19 15:22:41 - Created About Us page
  * Implemented responsive About page layout
  * Added Vision and Mission sections
  * Created Core Values grid with icons
  * Added Leadership section
  * Included CTA section for new visitors
  * Maintained consistent navigation and footer
2025-01-19 15:22:41 - Implemented Phase 1 Core Structure
  * Set up main navigation with responsive design
  * Created homepage layout with hero section
  * Added service times and quick links sections
  * Implemented footer with contact information
  * Created custom CSS variables and base styles
2025-01-19 15:08:25 - Moved Tailwind configuration from HTML files to script.js
2025-01-19 15:06:41 - Set up default CSS and JavaScript files with standard structure
2025-01-19 15:03:00 - Updated Bootstrap to v5.3.3 and added Tailwind CSS
2025-01-19 14:52:23 - Initial project state analysis

Development Status:
------------------
Current Phase: Phase 1 - Core Structure
Completed Tasks:
✓ Setup project architecture
✓ Implement main navigation
✓ Create basic page template
✓ Setup responsive layouts
✓ Create About Us page with all sections
✓ Create Testimonies page with form and filtering
✓ Create First Timers page with registration
✓ Create New Converts page with resources
✓ Create Prayer Request page with form

Next Steps:
1. Enhance existing features:
   - Add animations for smoother transitions
   - Implement mobile menu interactions
   - Add loading states for interactive elements
   - Add real images for leadership section
   - Implement backend integration for:
     * Testimony submission
     * First-timer registration
     * Discipleship program registration
     * Prayer request handling
   - Add download functionality for resources
   - Add real-time prayer wall updates

2. Begin Phase 2:
   - Enhance Contact page with interactive form
   - Add user authentication for members
   - Implement admin dashboard for:
     * Managing prayer requests
     * Handling registrations
     * Moderating testimonies
   - Add email notification system
   - Implement analytics tracking

Note: This log represents the project state as of 2025-01-19. Updates to this log should be made as significant changes occur in the project.
