Website Design Tasks
Generated: 2025-01-19 15:21:15 EAT

Based on Koinonia Global Website Analysis

1. Main Navigation Structure
--------------------------
a) Primary Navigation
   - About Us
   - Testimonies
   - First Timers
   - New Converts
   - Prayer Request
   - Contact Us

b) Secondary Navigation
   - Events/Conferences
   - Giving/Donations
   - Categories/Resources

2. Page Requirements
------------------
a) About Us Page
   - Church introduction
   - Vision and mission
   - Leadership section
   - Core values
   - Service times

b) Testimonies Page
   - Testimony submission form
   - Testimony categories
   - Featured testimonies
   - Search/filter functionality

c) First Timers Page
   - Welcome message
   - Church information
   - Registration form
   - What to expect section
   - Service times and location

d) New Converts Page
   - Welcome message
   - Basic faith resources
   - Mentorship program info
   - Next steps guide
   - Contact information

e) Prayer Request Page
   - Prayer request form
   - Prayer guidelines
   - Prayer times
   - Emergency contact

f) Contact Page
   - Contact form
   - Location map
   - Service times
   - Social media links
   - Phone/Email information

g) Events Page
   - Upcoming events calendar
   - Conference registration
   - Event details
   - Past events archive

h) Giving/Donations Page
   - Bank transfer information
   - Online giving options
   - Project updates
   - Giving categories

3. Technical Requirements
------------------------
a) Frontend Framework
   - Bootstrap 5.3.3
   - Tailwind CSS
   - Custom styling

b) Responsive Design
   - Mobile-first approach
   - Tablet optimization
   - Desktop layouts

c) Interactive Features
   - Form validations
   - Dynamic content loading
   - Search functionality
   - Event calendar
   - Prayer request tracking

d) Performance Optimization
   - Image optimization
   - Lazy loading
   - CDN usage
   - Caching strategy

4. Content Management
--------------------
a) Categories System
   - Sermons
   - Events
   - Testimonies
   - Resources
   - News/Updates

b) Media Management
   - Image gallery
   - Video integration
   - Audio sermons
   - Live streaming capability

5. Development Phases
-------------------
Phase 1: Core Structure
- Setup project architecture
- Implement main navigation
- Create basic page templates
- Setup responsive layouts

Phase 2: Content Pages
- Develop About Us page
- Create Contact page
- Implement First Timers section
- Build Prayer Request system

Phase 3: Interactive Features
- Build forms and validations
- Implement event calendar
- Create testimony submission system
- Setup search functionality

Phase 4: Media Integration
- Setup media galleries
- Implement video/audio players
- Configure live streaming
- Optimize media delivery

Phase 5: Testing & Optimization
- Cross-browser testing
- Mobile responsiveness
- Performance optimization
- Security implementation

6. Additional Features
--------------------
- Multi-language support
- Social media integration
- Newsletter system
- Member registration
- Online booking system
- Event registration
- Resource downloads
- Blog/News section

7. Design Guidelines
------------------
- Clean, modern interface
- Consistent branding
- Easy navigation
- Clear call-to-actions
- Accessible design
- Fast loading pages
- Mobile-friendly interface

Note: This task list will be updated as development progresses. Priority should be given to core functionality before implementing additional features.

Change Log:
-----------
2025-01-19 15:21:15 - Initial tasks analysis based on Koinonia Global website structure
